0 info it worked if it ends with ok
1 verbose cli [ '/usr/bin/node', '/usr/bin/npm', 'run', 'package' ]
2 info using npm@3.5.2
3 info using node@v8.10.0
4 verbose run-script [ 'prepackage', 'package', 'postpackage' ]
5 info lifecycle bhackers-store@1.0.0~prepackage: bhackers-store@1.0.0
6 silly lifecycle bhackers-store@1.0.0~prepackage: no script for prepackage, continuing
7 info lifecycle bhackers-store@1.0.0~package: bhackers-store@1.0.0
8 verbose lifecycle bhackers-store@1.0.0~package: unsafe-perm in lifecycle true
9 verbose lifecycle bhackers-store@1.0.0~package: PATH: /usr/share/npm/bin/node-gyp-bin:/home/strukturart/Desktop/Pages/kaiOs-alt-app-store/node_modules/.bin:/home/linuxbrew/.linuxbrew/bin:/home/linuxbrew/.linuxbrew/sbin:/usr/local/sbin:/usr/local/bin:/usr/sbin:/usr/bin:/sbin:/bin:/usr/games:/usr/local/games:/snap/bin
10 verbose lifecycle bhackers-store@1.0.0~package: CWD: /home/strukturart/Desktop/Pages/kaiOs-alt-app-store
11 silly lifecycle bhackers-store@1.0.0~package: Args: [ '-c', './tools/build.sh && ./tools/package.sh' ]
12 info lifecycle bhackers-store@1.0.0~package: Failed to exec package script
13 verbose stack Error: bhackers-store@1.0.0 package: `./tools/build.sh && ./tools/package.sh`
13 verbose stack spawn ENOENT
13 verbose stack     at ChildProcess.<anonymous> (/usr/share/npm/lib/utils/spawn.js:17:16)
13 verbose stack     at emitTwo (events.js:126:13)
13 verbose stack     at ChildProcess.emit (events.js:214:7)
13 verbose stack     at maybeClose (internal/child_process.js:925:16)
13 verbose stack     at Process.ChildProcess._handle.onexit (internal/child_process.js:209:5)
14 verbose pkgid bhackers-store@1.0.0
15 verbose cwd /home/strukturart/Desktop/Pages/kaiOs-alt-app-store
16 error Linux 5.4.0-47-generic
17 error argv "/usr/bin/node" "/usr/bin/npm" "run" "package"
18 error node v8.10.0
19 error npm  v3.5.2
20 error file sh
21 error code ELIFECYCLE
22 error errno ENOENT
23 error syscall spawn
24 error bhackers-store@1.0.0 package: `./tools/build.sh && ./tools/package.sh`
24 error spawn ENOENT
25 error Failed at the bhackers-store@1.0.0 package script './tools/build.sh && ./tools/package.sh'.
25 error Make sure you have the latest version of node.js and npm installed.
25 error If you do, this is most likely a problem with the bhackers-store package,
25 error not with npm itself.
25 error Tell the author that this fails on your system:
25 error     ./tools/build.sh && ./tools/package.sh
25 error You can get information on how to open an issue for this project with:
25 error     npm bugs bhackers-store
25 error Or if that isn't available, you can get their info via:
25 error     npm owner ls bhackers-store
25 error There is likely additional logging output above.
26 verbose exit [ 1, true ]
